<?xml version="1.0" encoding="UTF-8"?>
<!-- Generated by org.testng.reporters.JUnitReportReporter -->
<testsuite hostname="K584LTRV" failures="0" tests="2" name="com.ust.AssesmentSelenium.testRunner.TestRunner" time="30.113" errors="0" timestamp="2024-06-05T16:53:16 IST" skipped="0">
  <testcase classname="com.ust.AssesmentSelenium.testRunner.TestRunner" name="runScenario" time="17.238"/>
  <testcase classname="com.ust.AssesmentSelenium.testRunner.TestRunner" name="runScenario" time="12.875"/>
</testsuite> <!-- com.ust.AssesmentSelenium.testRunner.TestRunner -->
